Watching /Users/kth/Documents/webproject/career-react-client and all sub-directories not excluded by your .gitignore. Will not monitor dotfiles.
Found & ignored ./node_modules ; is listed in .gitignore
Found & ignored ./src/App.css ; has ignored extension
Found & ignored ./src/index.css ; has ignored extension

Starting: build-storybook -- --output-dir /var/folders/5h/nnpctb5x0sdgj0nbq04x8_6w0000gn/T/chromatic--28725-KZ2SkL7geOxN
node:internal/modules/cjs/loader:922
  throw err;
  ^

Error: Cannot find module '/Users/kth/Documents/webproject/career-react-client/build-storybook'
    at Function.Module._resolveFilename (node:internal/modules/cjs/loader:919:15)
    at Function.Module._load (node:internal/modules/cjs/loader:763:27)
    at Function.executeUserEntryPoint [as runMain] (node:internal/modules/run_main:76:12)
    at node:internal/main/run_main_module:17:47 {
  code: 'MODULE_NOT_FOUND',
  requireStack: []
}
./src/page/mainPage.tsx changed

Starting: build-storybook -- --output-dir /var/folders/5h/nnpctb5x0sdgj0nbq04x8_6w0000gn/T/chromatic--28725-KZ2SkL7geOxN
./build-storybook.log changed

Starting: build-storybook -- --output-dir /var/folders/5h/nnpctb5x0sdgj0nbq04x8_6w0000gn/T/chromatic--28725-KZ2SkL7geOxN
node:internal/modules/cjs/loader:922
  throw err;
  ^

Error: Cannot find module '/Users/kth/Documents/webproject/career-react-client/build-storybook'
    at Function.Module._resolveFilename (node:internal/modules/cjs/loader:919:15)
    at Function.Module._load (node:internal/modules/cjs/loader:763:27)
    at Function.executeUserEntryPoint [as runMain] (node:internal/modules/run_main:76:12)
    at node:internal/main/run_main_module:17:47 {
  code: 'MODULE_NOT_FOUND',
  requireStack: []
}
./src/page/mainPage.tsx changed

Starting: build-storybook -- --output-dir /var/folders/5h/nnpctb5x0sdgj0nbq04x8_6w0000gn/T/chromatic--28725-KZ2SkL7geOxN
./build-storybook.log changed

Starting: build-storybook -- --output-dir /var/folders/5h/nnpctb5x0sdgj0nbq04x8_6w0000gn/T/chromatic--28725-KZ2SkL7geOxN
node:internal/modules/cjs/loader:922
  throw err;
  ^

Error: Cannot find module '/Users/kth/Documents/webproject/career-react-client/build-storybook'
    at Function.Module._resolveFilename (node:internal/modules/cjs/loader:919:15)
    at Function.Module._load (node:internal/modules/cjs/loader:763:27)
    at Function.executeUserEntryPoint [as runMain] (node:internal/modules/run_main:76:12)
    at node:internal/main/run_main_module:17:47 {
  code: 'MODULE_NOT_FOUND',
  requireStack: []
}
./src/page/mainPage.tsx changed

Starting: build-storybook -- --output-dir /var/folders/5h/nnpctb5x0sdgj0nbq04x8_6w0000gn/T/chromatic--28725-KZ2SkL7geOxN
./build-storybook.log changed

Starting: build-storybook -- --output-dir /var/folders/5h/nnpctb5x0sdgj0nbq04x8_6w0000gn/T/chromatic--28725-KZ2SkL7geOxN
node:internal/modules/cjs/loader:922
  throw err;
  ^

Error: Cannot find module '/Users/kth/Documents/webproject/career-react-client/build-storybook'
    at Function.Module._resolveFilename (node:internal/modules/cjs/loader:919:15)
    at Function.Module._load (node:internal/modules/cjs/loader:763:27)
    at Function.executeUserEntryPoint [as runMain] (node:internal/modules/run_main:76:12)
    at node:internal/main/run_main_module:17:47 {
  code: 'MODULE_NOT_FOUND',
  requireStack: []
}
./build-storybook.log changed

Starting: build-storybook -- --output-dir /var/folders/5h/nnpctb5x0sdgj0nbq04x8_6w0000gn/T/chromatic--28725-KZ2SkL7geOxN
node:internal/modules/cjs/loader:922
  throw err;
  ^

Error: Cannot find module '/Users/kth/Documents/webproject/career-react-client/build-storybook'
    at Function.Module._resolveFilename (node:internal/modules/cjs/loader:919:15)
    at Function.Module._load (node:internal/modules/cjs/loader:763:27)
    at Function.executeUserEntryPoint [as runMain] (node:internal/modules/run_main:76:12)
    at node:internal/main/run_main_module:17:47 {
  code: 'MODULE_NOT_FOUND',
  requireStack: []
}
./src/components/nav/subNav.tsx changed

Starting: build-storybook -- --output-dir /var/folders/5h/nnpctb5x0sdgj0nbq04x8_6w0000gn/T/chromatic--28725-KZ2SkL7geOxN
./build-storybook.log changed

Starting: build-storybook -- --output-dir /var/folders/5h/nnpctb5x0sdgj0nbq04x8_6w0000gn/T/chromatic--28725-KZ2SkL7geOxN
node:internal/modules/cjs/loader:922
  throw err;
  ^

Error: Cannot find module '/Users/kth/Documents/webproject/career-react-client/build-storybook'
    at Function.Module._resolveFilename (node:internal/modules/cjs/loader:919:15)
    at Function.Module._load (node:internal/modules/cjs/loader:763:27)
    at Function.executeUserEntryPoint [as runMain] (node:internal/modules/run_main:76:12)
    at node:internal/main/run_main_module:17:47 {
  code: 'MODULE_NOT_FOUND',
  requireStack: []
}
